app/build/outputs/logs/manifest-merger-debug-report.txt
-- Merging decision tree log ---
manifest
ADDED from src/main/AndroidManifest.xml:2:1-95:12
	package
		ADDED from src/main/AndroidManifest.xml:3:11-44
		INJECTED from src/main/AndroidManifest.xml
		INJECTED from src/main/AndroidManifest.xml
	android:versionName
		INJECTED from src/main/AndroidManifest.xml
		INJECTED from src/main/AndroidManifest.xml
	xmlns:android
		ADDED from src/main/AndroidManifest.xml:2:11-69
	android:versionCode
		INJECTED from src/main/AndroidManifest.xml
		INJECTED from src/main/AndroidManifest.xml
uses-permission#android.permission.CAMERA
ADDED from src/main/AndroidManifest.xml:5:5-64
	android:name
		ADDED from src/main/AndroidManifest.xml:5:22-62
uses-permission#android.permission.VIBRATE
ADDED from src/main/AndroidManifest.xml:6:5-65
	android:name
		ADDED from src/main/AndroidManifest.xml:6:22-63
uses-permission#android.permission.FLASHLIGHT
ADDED from src/main/AndroidManifest.xml:7:5-68
	android:name
		ADDED from src/main/AndroidManifest.xml:7:22-66
uses-feature#android.hardware.camera
ADDED from src/main/AndroidManifest.xml:9:5-59
	android:name
		ADDED from src/main/AndroidManifest.xml:9:19-57
uses-feature#android.hardware.camera.autofocus
ADDED from src/main/AndroidManifest.xml:10:5-69
	android:name
		ADDED from src/main/AndroidManifest.xml:10:19-67
uses-permission#android.permission.ACCESS_COARSE_LOCATION
ADDED from src/main/AndroidManifest.xml:13:5-14:23
	android:name
		ADDED from src/main/AndroidManifest.xml:13:22-78
uses-permission#android.permission.ACCESS_FINE_LOCATION
ADDED from src/main/AndroidManifest.xml:16:5-17:23
	android:name
		ADDED from src/main/AndroidManifest.xml:16:22-76
uses-permission#android.permission.ACCESS_NETWORK_STATE
ADDED from src/main/AndroidManifest.xml:19:5-20:23
	android:name
		ADDED from src/main/AndroidManifest.xml:19:22-76
uses-permission#android.permission.ACCESS_WIFI_STATE
ADDED from src/main/AndroidManifest.xml:22:5-23:23
	android:name
		ADDED from src/main/AndroidManifest.xml:22:22-73
uses-permission#android.permission.CHANGE_WIFI_STATE
ADDED from src/main/AndroidManifest.xml:25:5-26:23
	android:name
		ADDED from src/main/AndroidManifest.xml:25:22-73
uses-permission#android.permission.INTERNET
ADDED from src/main/AndroidManifest.xml:28:5-29:23
	android:name
		ADDED from src/main/AndroidManifest.xml:28:22-64
uses-permission#android.permission.READ_PHONE_STATE
ADDED from src/main/AndroidManifest.xml:31:5-32:23
	android:name
		ADDED from src/main/AndroidManifest.xml:31:22-72
uses-permission#android.permission.WRITE_EXTERNAL_STORAGE
ADDED from src/main/AndroidManifest.xml:34:5-35:23
	android:name
		ADDED from src/main/AndroidManifest.xml:34:22-78
uses-permission#android.permission.ACCESS_LOCATION_EXTRA_COMMANDS
ADDED from src/main/AndroidManifest.xml:37:5-38:23
	android:name
		ADDED from src/main/AndroidManifest.xml:37:22-86
uses-permission#android.permission.BLUETOOTH
ADDED from src/main/AndroidManifest.xml:40:5-41:23
	android:name
		ADDED from src/main/AndroidManifest.xml:40:22-65
uses-permission#android.permission.BLUETOOTH_ADMIN
ADDED from src/main/AndroidManifest.xml:42:5-43:23
	android:name
		ADDED from src/main/AndroidManifest.xml:42:22-71
application
ADDED from src/main/AndroidManifest.xml:45:5-93:19
MERGED from [com.android.support:appcompat-v7:25.1.0] AndroidManifest.xml:25:5-20
MERGED from [com.android.support:support-v4:25.1.0] AndroidManifest.xml:25:5-20
MERGED from [com.android.support:support-fragment:25.1.0] AndroidManifest.xml:25:5-20
MERGED from [com.android.support:support-media-compat:25.1.0] AndroidManifest.xml:25:5-20
MERGED from [com.android.support:support-core-ui:25.1.0] AndroidManifest.xml:25:5-20
MERGED from [com.android.support:support-core-utils:25.1.0] AndroidManifest.xml:25:5-20
MERGED from [com.android.support:animated-vector-drawable:25.1.0] AndroidManifest.xml:22:5-20
MERGED from [com.android.support:support-vector-drawable:25.1.0] AndroidManifest.xml:23:5-20
MERGED from [com.android.support:support-compat:25.1.0] AndroidManifest.xml:25:5-20
MERGED from [com.android.support.constraint:constraint-layout:1.0.2] AndroidManifest.xml:9:5-20
	android:label
		ADDED from src/main/AndroidManifest.xml:48:13-45
	android:supportsRtl
		ADDED from src/main/AndroidManifest.xml:50:13-39
	android:roundIcon
		ADDED from src/main/AndroidManifest.xml:49:13-58
	android:allowBackup
		ADDED from src/main/AndroidManifest.xml:46:13-39
	android:icon
		ADDED from src/main/AndroidManifest.xml:47:13-47
activity#com.yoreach.carriersapp.ZBarDemoActivity
ADDED from src/main/AndroidManifest.xml:52:9-60:20
	android:label
		ADDED from src/main/AndroidManifest.xml:54:17-49
	android:name
		ADDED from src/main/AndroidManifest.xml:53:17-49
intent-filter#android.intent.action.MAIN+android.intent.category.LAUNCHER
ADDED from src/main/AndroidManifest.xml:55:13-59:29
action#android.intent.action.MAIN
ADDED from src/main/AndroidManifest.xml:56:17-68
	android:name
		ADDED from src/main/AndroidManifest.xml:56:25-66
category#android.intent.category.LAUNCHER
ADDED from src/main/AndroidManifest.xml:58:17-76
	android:name
		ADDED from src/main/AndroidManifest.xml:58:27-74
activity#com.yoreach.carriersapp.component.BarCodeActivity
ADDED from src/main/AndroidManifest.xml:61:9-64:20
	android:theme
		ADDED from src/main/AndroidManifest.xml:63:17-64
	android:name
		ADDED from src/main/AndroidManifest.xml:62:17-58
activity#com.yoreach.carriersapp.test.ListTestActivity
ADDED from src/main/AndroidManifest.xml:65:9-68:20
	android:theme
		ADDED from src/main/AndroidManifest.xml:67:17-64
	android:name
		ADDED from src/main/AndroidManifest.xml:66:17-54
activity#com.yoreach.carriersapp.tabbar.FragmentMainActivity
ADDED from src/main/AndroidManifest.xml:69:9-72:20
	android:theme
		ADDED from src/main/AndroidManifest.xml:71:17-64
	android:name
		ADDED from src/main/AndroidManifest.xml:70:17-60
activity#com.yoreach.carriersapp.test.ViewpagerTestActivity
ADDED from src/main/AndroidManifest.xml:73:9-76:20
	android:theme
		ADDED from src/main/AndroidManifest.xml:75:17-64
	android:name
		ADDED from src/main/AndroidManifest.xml:74:17-59
activity#com.yoreach.carriersapp.component.GaodeMapActivity
ADDED from src/main/AndroidManifest.xml:77:9-80:20
	android:theme
		ADDED from src/main/AndroidManifest.xml:79:17-64
	android:name
		ADDED from src/main/AndroidManifest.xml:78:17-59
activity#com.yoreach.carriersapp.tabbar.TaskDetailActivity
ADDED from src/main/AndroidManifest.xml:81:9-84:20
	android:theme
		ADDED from src/main/AndroidManifest.xml:83:17-64
	android:name
		ADDED from src/main/AndroidManifest.xml:82:17-58
service#com.amap.api.location.APSService
ADDED from src/main/AndroidManifest.xml:86:9-87:19
	android:name
		ADDED from src/main/AndroidManifest.xml:86:18-65
meta-data#com.amap.api.v2.apikey
ADDED from src/main/AndroidManifest.xml:89:9-92:21
	android:value
		ADDED from src/main/AndroidManifest.xml:91:17-65
	android:name
		ADDED from src/main/AndroidManifest.xml:90:17-54
uses-sdk
INJECTED from src/main/AndroidManifest.xml reason: use-sdk injection requested
MERGED from [com.android.support:appcompat-v7:25.1.0] AndroidManifest.xml:21:5-23:78
MERGED from [com.android.support:support-v4:25.1.0] AndroidManifest.xml:21:5-23:54
MERGED from [com.android.support:support-fragment:25.1.0] AndroidManifest.xml:21:5-23:60
MERGED from [com.android.support:support-media-compat:25.1.0] AndroidManifest.xml:21:5-23:63
MERGED from [com.android.support:support-core-ui:25.1.0] AndroidManifest.xml:21:5-23:58
MERGED from [com.android.support:support-core-utils:25.1.0] AndroidManifest.xml:21:5-23:61
MERGED from [com.android.support:animated-vector-drawable:25.1.0] AndroidManifest.xml:20:5-44
MERGED from [com.android.support:support-vector-drawable:25.1.0] AndroidManifest.xml:21:5-43
MERGED from [com.android.support:support-compat:25.1.0] AndroidManifest.xml:21:5-23:58
MERGED from [com.android.support.constraint:constraint-layout:1.0.2] AndroidManifest.xml:5:5-7:41
	tools:overrideLibrary
		ADDED from [com.android.support:appcompat-v7:25.1.0] AndroidManifest.xml:23:9-75
	android:targetSdkVersion
		INJECTED from src/main/AndroidManifest.xml
		INJECTED from src/main/AndroidManifest.xml
	android:minSdkVersion
		INJECTED from src/main/AndroidManifest.xml
		INJECTED from src/main/AndroidManifest.xml